<?xml version="1.0" encoding="utf-8"?>
<!DOCTYPE pkgmetadata SYSTEM "http://www.gentoo.org/dtd/metadata.dtd">
<pkgmetadata>
	<maintainer type="person">
		<email>gentoo@houseofsuns.org</email>
		<name>Markus Walter</name>
	</maintainer>
	<longdescription>Python Asserts==============[![License](https://img.shields.io/pypi/l/asserts.svg)](https://pypi.python.org/pypi/asserts/)[![PyPI - Python Version](https://img.shields.io/pypi/pyversions/asserts)](https://pypi.python.org/pypi/asserts/)[![GitHub](https://img.shields.io/github/release/srittau/python-asserts/all.svg)](https://github.com/srittau/python-asserts/releases/)[![pypi](https://img.shields.io/pypi/v/asserts.svg)](https://pypi.python.org/pypi/asserts/)[![Travis CI](https://travis-ci.org/srittau/python-asserts.svg?branch=master)](https://travis-ci.org/srittau/python-asserts)Stand-alone Assertions for PythonThis package provides a few advantages over the assertions provided byunittest.TestCase:* Can be used stand-alone, for example:    * In test cases, not derived from TestCase.    * In fake and mock classes.    * In implementations as rich alternative to the assert statement.* PEP 8 compliance.* Custom stand-alone assertions can be written easily.* Arguably a better separation of concerns, since TestCase is responsible  for test running only, if assertion functions are used exclusively.There are a few regressions compared to assertions from TestCase:* The default assertion class (`AssertionError`) can not be overwritten. This  is rarely a problem in practice.* asserts does not support the `addTypeEqualityFunc()` functionality.Usage:```python&gt;&gt;&gt; from asserts import assert_true, assert_equal, assert_raises&gt;&gt;&gt; my_var = 13&gt;&gt;&gt; assert_equal(13, my_var)&gt;&gt;&gt; assert_true(True, msg=&quot;custom failure message&quot;)&gt;&gt;&gt; with assert_raises(KeyError):...     raise KeyError()```Failure messages can be customized:```python&gt;&gt;&gt; assert_equal(13, 14, msg_fmt=&quot;{got} is wrong, expected {expected}&quot;)Traceback (most recent call last):  ...AssertionError: 14 is wrong, expected 13```</longdescription>
</pkgmetadata>